<?xml version="1.0" encoding="UTF-8"?>
<testng-results ignored="0" total="1" passed="1" failed="0" skipped="0">
  <reporter-output>
  </reporter-output>
  <suite started-at="2025-06-21T07:58:31 PKT" name="Default suite" finished-at="2025-06-21T07:58:45 PKT" duration-ms="13975">
    <groups>
    </groups>
    <test started-at="2025-06-21T07:58:31 PKT" name="Default test" finished-at="2025-06-21T07:58:45 PKT" duration-ms="13975">
      <class name="basicsPackage.AppiumBasics">
        <test-method is-config="true" signature="configureAppium()[pri:0, instance:basicsPackage.AppiumBasics@3b69e7d1]" started-at="2025-06-21T07:58:31 PKT" name="configureAppium" finished-at="2025-06-21T07:58:36 PKT" duration-ms="4998" status="PASS">
          <reporter-output>
          </reporter-output>
        </test-method> <!-- configureAppium -->
        <test-method signature="WifiSettingsName()[pri:0, instance:basicsPackage.AppiumBasics@3b69e7d1]" started-at="2025-06-21T07:58:36 PKT" name="WifiSettingsName" finished-at="2025-06-21T07:58:44 PKT" duration-ms="8142" status="PASS">
          <reporter-output>
          </reporter-output>
        </test-method> <!-- WifiSettingsName -->
        <test-method is-config="true" signature="tearDown()[pri:0, instance:basicsPackage.AppiumBasics@3b69e7d1]" started-at="2025-06-21T07:58:44 PKT" name="tearDown" finished-at="2025-06-21T07:58:45 PKT" duration-ms="805" status="PASS">
          <reporter-output>
          </reporter-output>
        </test-method> <!-- tearDown -->
      </class> <!-- basicsPackage.AppiumBasics -->
    </test> <!-- Default test -->
  </suite> <!-- Default suite -->
</testng-results>
